<?xml version="1.0" encoding="UTF-8"?>
<!-- Generated by org.testng.reporters.JUnitReportReporter -->
<testsuite hostname="DESKTOP-EAD491B" failures="0" tests="1" name="Demo1.TestNg" time="0.016" errors="0" timestamp="2022-10-11T11:18:53 IST" skipped="0">
  <testcase classname="Demo1.TestNg" name="CreateReport" time="0.016"/>
  <system-out/>
</testsuite> <!-- Demo1.TestNg -->
