<?xml version="1.0" encoding="UTF-8"?>
<!-- Generated by org.testng.reporters.JUnitReportReporter -->
<testsuite hostname="DESKTOP-EAD491B" failures="0" tests="4" name="Demo1.TestNg2" time="0.016" errors="0" timestamp="2022-10-10T18:13:01 IST" skipped="1">
  <testcase classname="Demo1.TestNg2" name="createCustomer" time="0.002"/>
  <system-out/>
  <testcase classname="Demo1.TestNg2" name="deleteCustomer" time="0.002"/>
  <system-out/>
  <testcase classname="Demo1.TestNg2" name="editCustomer" time="0.012"/>
  <system-out/>
  <testcase classname="Demo1.TestNg2" name="ModifyCustomer">
    <skipped/>
  </testcase> <!-- ModifyCustomer -->
  <system-out/>
</testsuite> <!-- Demo1.TestNg2 -->
