<?xml version="1.0" encoding="UTF-8"?>
<!-- Generated by org.testng.reporters.JUnitReportReporter -->
<testsuite hostname="DESKTOP-EAD491B" failures="0" tests="3" name="Demo1.TestNg1" time="0.022" errors="0" timestamp="2022-10-10T18:13:01 IST" skipped="0">
  <testcase classname="Demo1.TestNg1" name="createCustomer" time="0.006"/>
  <system-out/>
  <testcase classname="Demo1.TestNg1" name="deleteCustomer" time="0.011"/>
  <system-out/>
  <testcase classname="Demo1.TestNg1" name="editCustomer" time="0.005"/>
  <system-out/>
</testsuite> <!-- Demo1.TestNg1 -->
